[GIN-debug] [WARNING] Running in "debug" mode. Switch to "release" mode in production.
 - using env:	export GIN_MODE=release
 - using code:	gin.SetMode(gin.ReleaseMode)

[GIN-debug] POST   /api/users/create         --> myproject/routes.createUser (10 handlers)
[GIN-debug] DELETE /api/users/delete/:id     --> myproject/routes.deleteUser (10 handlers)
[GIN-debug] PUT    /api/users/update         --> myproject/routes.updateUser (10 handlers)
[GIN-debug] GET    /api/users/:id            --> myproject/routes.getUser (10 handlers)
[GIN-debug] GET    /api/orders/              --> myproject/routes.listOrders (9 handlers)
[GIN-debug] POST   /api/orders/create        --> myproject/routes.createOrder (9 handlers)
[GIN-debug] GET    /api/orders/:id           --> myproject/routes.getOrder (9 handlers)
[GIN-debug] GET    /ping                     --> main.main.func2 (10 handlers)
[GIN-debug] GET    /user/info/:name/:id      --> main.main.func3 (10 handlers)
[GIN-debug] GET    /list                     --> main.main.func4 (10 handlers)
[GIN-debug] POST   /user/add                 --> main.main.func5 (10 handlers)
[GIN-debug] POST   /v1/login                 --> main.main.func6 (10 handlers)
[GIN-debug] POST   /v1/submit                --> main.main.func7 (10 handlers)
[GIN-debug] POST   /v2/login                 --> main.main.func8 (10 handlers)
[GIN-debug] POST   /v2/submit                --> main.main.func9 (10 handlers)
[GIN-debug] GET    /api/health               --> main.main.func10 (10 handlers)
[GIN-debug] GET    /api/v1/users             --> main.main.func11 (10 handlers)
[GIN-debug] POST   /api/settings             --> main.main.func12 (11 handlers)
[GIN-debug] GET    /api/user/:id             --> main.main.func13 (11 handlers)
[GIN-debug] GET    /api/articles             --> main.main.func14 (10 handlers)
[GIN-debug] GET    /api/products             --> main.main.func15 (10 handlers)
[GIN-debug] GET    /api/items/:id            --> main.main.func16 (10 handlers)
[GIN-debug] GET    /long_async/:id           --> main.main.func17 (10 handlers)
[GIN-debug] GET    /getCookie                --> main.main.func18 (10 handlers)
